Using pre-set license
Built from '2020.3/staging' branch; Version is '2020.3.3f1 (76626098c1c4) revision 7758432'; Using compiler version '192528614'; Build Type 'Release'
OS: 'Windows 10 Home N; OS build 19042.1586; Version 2009; 64bit' Language: 'en' Physical Memory: 32724 MB
BatchMode: 1, IsHumanControllingUs: 0, StartBugReporterOnCrash: 0, Is64bit: 1, IsPro: 0

 COMMAND LINE ARGUMENTS:
D:\Program Files\2020.3.3f1\Editor\Unity.exe
-adb2
-batchMode
-noUpm
-name
AssetImportWorker0
-projectPath
D:/MyProjects/TextureResizer
-logFile
Logs/AssetImportWorker0.log
-srvPort
60985
Successfully changed project path to: D:/MyProjects/TextureResizer
D:/MyProjects/TextureResizer
Using Asset Import Pipeline V2.
Refreshing native plugins compatible for Editor in 39.53 ms, found 0 plugins.
Preloading 0 native plugins for Editor in 0.00 ms.
Initialize engine version: 2020.3.3f1 (76626098c1c4)
[Subsystems] Discovering subsystems at path D:/Program Files/2020.3.3f1/Editor/Data/Resources/UnitySubsystems
[Subsystems] Discovering subsystems at path D:/MyProjects/TextureResizer/Assets
GfxDevice: creating device client; threaded=0
Direct3D:
    Version:  Direct3D 11.0 [level 11.1]
    Renderer: NVIDIA GeForce GTX 1070 (ID=0x1ba1)
    Vendor:   
    VRAM:     8081 MB
    Driver:   30.0.15.1179
Initialize mono
Mono path[0] = 'D:/Program Files/2020.3.3f1/Editor/Data/Managed'
Mono path[1] = 'D:/Program Files/2020.3.3f1/Editor/Data/MonoBleedingEdge/lib/mono/unityjit'
Mono config path = 'D:/Program Files/2020.3.3f1/Editor/Data/MonoBleedingEdge/etc'
Using monoOptions --debugger-agent=transport=dt_socket,embedding=1,server=y,suspend=n,address=127.0.0.1:56564
Begin MonoManager ReloadAssembly
Registering precompiled unity dll's ...
Register platform support module: D:/Program Files/2020.3.3f1/Editor/Data/PlaybackEngines/WindowsStandaloneSupport/UnityEditor.WindowsStandalone.Extensions.dll
Registered in 0.001158 seconds.
Native extension for WindowsStandalone target not found
Refreshing native plugins compatible for Editor in 32.41 ms, found 0 plugins.
Preloading 0 native plugins for Editor in 0.00 ms.
Invoked RoslynAnalysisRunner static constructor.
RoslynAnalysisRunner will not be running.
RoslynAnalysisRunner has terminated.
Mono: successfully reloaded assembly
- Completed reload, in  2.085 seconds
Platform modules already initialized, skipping
Registering precompiled user dll's ...
Registered in 0.001998 seconds.
Begin MonoManager ReloadAssembly
Native extension for WindowsStandalone target not found
Refreshing native plugins compatible for Editor in 0.38 ms, found 0 plugins.
Preloading 0 native plugins for Editor in 0.00 ms.
Invoked RoslynAnalysisRunner static constructor.
RoslynAnalysisRunner will not be running.
RoslynAnalysisRunner has terminated.
Mono: successfully reloaded assembly
- Completed reload, in  1.027 seconds
Platform modules already initialized, skipping
========================================================================
Worker process is ready to serve import requests
Launched and connected shader compiler UnityShaderCompiler.exe after 0.06 seconds
Refreshing native plugins compatible for Editor in 0.62 ms, found 0 plugins.
Preloading 0 native plugins for Editor in 0.00 ms.
Unloading 1416 Unused Serialized files (Serialized files now loaded: 0)
System memory in use before: 65.1 MB.
System memory in use after: 65.1 MB.

Unloading 34 unused Assets to reduce memory usage. Loaded Objects now: 1848.
Total: 2.874400 ms (FindLiveObjects: 0.279600 ms CreateObjectMapping: 0.112900 ms MarkObjects: 2.389400 ms  DeleteObjects: 0.090500 ms)

========================================================================
Received Import Request.
  path: Assets/Textures/zdenek-machacek-hxXtAZXqGWs-unsplash.jpg
  artifactKey: Guid(e5420a18b4dc75b47a9f7f86aa240460) Importer(815301076,1909f56bfc062723c751e8b465ee728b)
Start importing Assets/Textures/zdenek-machacek-hxXtAZXqGWs-unsplash.jpg using Guid(e5420a18b4dc75b47a9f7f86aa240460) Importer(815301076,1909f56bfc062723c751e8b465ee728b)  -> (artifact id: 'a1c8bd3a12e15c9ca8325456b51b7e2c') in 0.130767 seconds
  Import took 0.133914 seconds .

========================================================================
Received Import Request.
  Time since last request: 0.000214 seconds.
  path: Assets/Textures/steven-wei-a3IR4iEl2Vs-unsplash.jpg
  artifactKey: Guid(18d3695ffebf8d1498c21eaadbc65e5f) Importer(815301076,1909f56bfc062723c751e8b465ee728b)
Start importing Assets/Textures/steven-wei-a3IR4iEl2Vs-unsplash.jpg using Guid(18d3695ffebf8d1498c21eaadbc65e5f) Importer(815301076,1909f56bfc062723c751e8b465ee728b)  -> (artifact id: 'e1a0afd1effb2a704471df8e325e7ff4') in 0.012796 seconds
  Import took 0.015385 seconds .

========================================================================
Received Import Request.
  Time since last request: 0.000189 seconds.
  path: Assets/Textures/kellen-riggin-eNYShPfzkyQ-unsplash.jpg
  artifactKey: Guid(b08cdaeaa1671d745868b8e617e930b3) Importer(815301076,1909f56bfc062723c751e8b465ee728b)
Start importing Assets/Textures/kellen-riggin-eNYShPfzkyQ-unsplash.jpg using Guid(b08cdaeaa1671d745868b8e617e930b3) Importer(815301076,1909f56bfc062723c751e8b465ee728b)  -> (artifact id: 'da0659020a40794e5b061e9413815f3a') in 0.010302 seconds
  Import took 0.013067 seconds .

========================================================================
Received Import Request.
  Time since last request: 0.000218 seconds.
  path: Assets/Textures/audio_avtomobil_vnedorozhnik_185778_3840x2160.jpg
  artifactKey: Guid(d3dfc4a1d8f853546927d4ddcce6390a) Importer(815301076,1909f56bfc062723c751e8b465ee728b)
Start importing Assets/Textures/audio_avtomobil_vnedorozhnik_185778_3840x2160.jpg using Guid(d3dfc4a1d8f853546927d4ddcce6390a) Importer(815301076,1909f56bfc062723c751e8b465ee728b)  -> (artifact id: '0da9b9340bb1144ed38e53f840ce581e') in 0.009723 seconds
  Import took 0.012423 seconds .

========================================================================
Received Import Request.
  Time since last request: 0.000188 seconds.
  path: Assets/Textures/nathan-queloz-UgSrTP6eWk0-unsplash.jpg
  artifactKey: Guid(37e2ea0cfc1f45b4f8acbf0db589079f) Importer(815301076,1909f56bfc062723c751e8b465ee728b)
Start importing Assets/Textures/nathan-queloz-UgSrTP6eWk0-unsplash.jpg using Guid(37e2ea0cfc1f45b4f8acbf0db589079f) Importer(815301076,1909f56bfc062723c751e8b465ee728b)  -> (artifact id: 'efd407b74ac916ebd6d38f1933c26d2f') in 0.014800 seconds
  Import took 0.017356 seconds .

========================================================================
Received Import Request.
  Time since last request: 0.000179 seconds.
  path: Assets/Textures/chloe-leis-Q1Ka2cD9XSY-unsplash.jpg
  artifactKey: Guid(c20aba8b489a1ee4fb6dd66ea6f0f4b4) Importer(815301076,1909f56bfc062723c751e8b465ee728b)
Start importing Assets/Textures/chloe-leis-Q1Ka2cD9XSY-unsplash.jpg using Guid(c20aba8b489a1ee4fb6dd66ea6f0f4b4) Importer(815301076,1909f56bfc062723c751e8b465ee728b)  -> (artifact id: '72b3b8b08a3f9f75afb120706803a9da') in 0.009607 seconds
  Import took 0.012268 seconds .

========================================================================
Received Import Request.
  Time since last request: 0.000162 seconds.
  path: Assets/Textures/janelle-soto-N4MU0pCB_6E-unsplash.jpg
  artifactKey: Guid(242882c10eafc4c4da783dc214a7b701) Importer(815301076,1909f56bfc062723c751e8b465ee728b)
Start importing Assets/Textures/janelle-soto-N4MU0pCB_6E-unsplash.jpg using Guid(242882c10eafc4c4da783dc214a7b701) Importer(815301076,1909f56bfc062723c751e8b465ee728b)  -> (artifact id: '0ff7dc4fae3550502f60f03286cfd424') in 0.008962 seconds
  Import took 0.011180 seconds .

========================================================================
Received Import Request.
  Time since last request: 0.000225 seconds.
  path: Assets/Textures/raul-cacho-oses-JDOlrNAcxp0-unsplash.jpg
  artifactKey: Guid(477ff38ee60455c478ce9fce51791d93) Importer(815301076,1909f56bfc062723c751e8b465ee728b)
Start importing Assets/Textures/raul-cacho-oses-JDOlrNAcxp0-unsplash.jpg using Guid(477ff38ee60455c478ce9fce51791d93) Importer(815301076,1909f56bfc062723c751e8b465ee728b)  -> (artifact id: '988e0eef73d756e3dda9abf22ded9020') in 0.019756 seconds
  Import took 0.022536 seconds .

========================================================================
Received Import Request.
  Time since last request: 0.000199 seconds.
  path: Assets/Textures/rene-padillo-GyUoN-opIMM-unsplash.jpg
  artifactKey: Guid(cf93e404dc0a22f4190e1a38d75e3c67) Importer(815301076,1909f56bfc062723c751e8b465ee728b)
Start importing Assets/Textures/rene-padillo-GyUoN-opIMM-unsplash.jpg using Guid(cf93e404dc0a22f4190e1a38d75e3c67) Importer(815301076,1909f56bfc062723c751e8b465ee728b)  -> (artifact id: 'ba8fdb5312702f85e9e9c9a22fe7d584') in 0.008883 seconds
  Import took 0.011630 seconds .

========================================================================
Received Import Request.
  Time since last request: 0.000275 seconds.
  path: Assets/Textures/janelle-soto-Hq7d3HPrWL8-unsplash.jpg
  artifactKey: Guid(66137249e7111834cb0add0e56ea234f) Importer(815301076,1909f56bfc062723c751e8b465ee728b)
Start importing Assets/Textures/janelle-soto-Hq7d3HPrWL8-unsplash.jpg using Guid(66137249e7111834cb0add0e56ea234f) Importer(815301076,1909f56bfc062723c751e8b465ee728b)  -> (artifact id: '416f720ffe598cc2534a76d2dba8a25b') in 0.008900 seconds
  Import took 0.011713 seconds .

========================================================================
Received Import Request.
  Time since last request: 0.000174 seconds.
  path: Assets/TestMaterial.mat
  artifactKey: Guid(ba92cbc781987234dbb147b598d65983) Importer(815301076,1909f56bfc062723c751e8b465ee728b)
Start importing Assets/TestMaterial.mat using Guid(ba92cbc781987234dbb147b598d65983) Importer(815301076,1909f56bfc062723c751e8b465ee728b)  -> (artifact id: 'e557c08aeb611f6eb589180f1a6df45e') in 0.314027 seconds
  Import took 0.316213 seconds .

========================================================================
Received Import Request.
  Time since last request: 0.000175 seconds.
  path: Assets/Textures/spencer-davis-ONVA6s03hg8-unsplash.jpg
  artifactKey: Guid(7e2399f41a824af49a84a8b4b91a8e06) Importer(815301076,1909f56bfc062723c751e8b465ee728b)
Start importing Assets/Textures/spencer-davis-ONVA6s03hg8-unsplash.jpg using Guid(7e2399f41a824af49a84a8b4b91a8e06) Importer(815301076,1909f56bfc062723c751e8b465ee728b)  -> (artifact id: 'dc5719d27ecfe9319769421c7f1d3466') in 0.009741 seconds
  Import took 0.012114 seconds .

========================================================================
Received Import Request.
  Time since last request: 0.000193 seconds.
  path: Assets/Textures/humphrey-muleba-cPeCmVChZu0-unsplash.jpg
  artifactKey: Guid(453b2aa752cec924a84b3f91bc00d64c) Importer(815301076,1909f56bfc062723c751e8b465ee728b)
Start importing Assets/Textures/humphrey-muleba-cPeCmVChZu0-unsplash.jpg using Guid(453b2aa752cec924a84b3f91bc00d64c) Importer(815301076,1909f56bfc062723c751e8b465ee728b)  -> (artifact id: 'c476d0eee38033cb6467f082e23ddf28') in 0.009359 seconds
  Import took 0.011906 seconds .

========================================================================
Received Import Request.
  Time since last request: 7.704008 seconds.
  path: Assets/Editor/TextureEditor/CustomTextureEditor.cs
  artifactKey: Guid(a26b38015e38ba74db2e3e9d41c67bc1) Importer(815301076,1909f56bfc062723c751e8b465ee728b)
Start importing Assets/Editor/TextureEditor/CustomTextureEditor.cs using Guid(a26b38015e38ba74db2e3e9d41c67bc1) Importer(815301076,1909f56bfc062723c751e8b465ee728b)  -> (artifact id: '421538a4ec05d48acb788a8c32da5016') in 0.008374 seconds
  Import took 0.010690 seconds .

========================================================================
Received Import Request.
  Time since last request: 0.000294 seconds.
  path: Assets/Editor/TextureEditor/CustomTextureEditor.cs
  artifactKey: Guid(a26b38015e38ba74db2e3e9d41c67bc1) Importer(815301076,1909f56bfc062723c751e8b465ee728b)
Start importing Assets/Editor/TextureEditor/CustomTextureEditor.cs using Guid(a26b38015e38ba74db2e3e9d41c67bc1) Importer(815301076,1909f56bfc062723c751e8b465ee728b)  -> (artifact id: '421538a4ec05d48acb788a8c32da5016') in 0.001507 seconds
  Import took 0.003757 seconds .

========================================================================
Received Import Request.
  Time since last request: 103.796697 seconds.
  path: Assets/Textures/zdenek-machacek-hxXtAZXqGWs-unsplash.jpg
  artifactKey: Guid(e5420a18b4dc75b47a9f7f86aa240460) Importer(815301076,1909f56bfc062723c751e8b465ee728b)
Start importing Assets/Textures/zdenek-machacek-hxXtAZXqGWs-unsplash.jpg using Guid(e5420a18b4dc75b47a9f7f86aa240460) Importer(815301076,1909f56bfc062723c751e8b465ee728b)  -> (artifact id: '13ef0e704ef82b65a09a9af005336ed4') in 0.008229 seconds
  Import took 0.010625 seconds .

========================================================================
Received Import Request.
  Time since last request: 0.010914 seconds.
  path: Assets/Textures/audio_avtomobil_vnedorozhnik_185778_3840x2160.jpg
  artifactKey: Guid(d3dfc4a1d8f853546927d4ddcce6390a) Importer(815301076,1909f56bfc062723c751e8b465ee728b)
Start importing Assets/Textures/audio_avtomobil_vnedorozhnik_185778_3840x2160.jpg using Guid(d3dfc4a1d8f853546927d4ddcce6390a) Importer(815301076,1909f56bfc062723c751e8b465ee728b)  -> (artifact id: '8f591ed45a90726ab08e48b7b39ea766') in 0.008803 seconds
  Import took 0.011423 seconds .

========================================================================
Received Import Request.
  Time since last request: 0.000170 seconds.
  path: Assets/Textures/steven-wei-a3IR4iEl2Vs-unsplash.jpg
  artifactKey: Guid(18d3695ffebf8d1498c21eaadbc65e5f) Importer(815301076,1909f56bfc062723c751e8b465ee728b)
Start importing Assets/Textures/steven-wei-a3IR4iEl2Vs-unsplash.jpg using Guid(18d3695ffebf8d1498c21eaadbc65e5f) Importer(815301076,1909f56bfc062723c751e8b465ee728b)  -> (artifact id: '8209708201658b741a7c38dda9f010fb') in 0.007432 seconds
  Import took 0.009679 seconds .

========================================================================
Received Import Request.
  Time since last request: 0.000182 seconds.
  path: Assets/Textures/kellen-riggin-eNYShPfzkyQ-unsplash.jpg
  artifactKey: Guid(b08cdaeaa1671d745868b8e617e930b3) Importer(815301076,1909f56bfc062723c751e8b465ee728b)
Start importing Assets/Textures/kellen-riggin-eNYShPfzkyQ-unsplash.jpg using Guid(b08cdaeaa1671d745868b8e617e930b3) Importer(815301076,1909f56bfc062723c751e8b465ee728b)  -> (artifact id: 'cf5d6e70ae8c5a346625976949a40a94') in 0.007746 seconds
  Import took 0.009979 seconds .

========================================================================
Received Import Request.
  Time since last request: 0.000178 seconds.
  path: Assets/Textures/nathan-queloz-UgSrTP6eWk0-unsplash.jpg
  artifactKey: Guid(37e2ea0cfc1f45b4f8acbf0db589079f) Importer(815301076,1909f56bfc062723c751e8b465ee728b)
Start importing Assets/Textures/nathan-queloz-UgSrTP6eWk0-unsplash.jpg using Guid(37e2ea0cfc1f45b4f8acbf0db589079f) Importer(815301076,1909f56bfc062723c751e8b465ee728b)  -> (artifact id: '95574b0f8f3b58396ec8c12c00e49c25') in 0.010155 seconds
  Import took 0.012425 seconds .

========================================================================
Received Import Request.
  Time since last request: 0.000175 seconds.
  path: Assets/Textures/chloe-leis-Q1Ka2cD9XSY-unsplash.jpg
  artifactKey: Guid(c20aba8b489a1ee4fb6dd66ea6f0f4b4) Importer(815301076,1909f56bfc062723c751e8b465ee728b)
Start importing Assets/Textures/chloe-leis-Q1Ka2cD9XSY-unsplash.jpg using Guid(c20aba8b489a1ee4fb6dd66ea6f0f4b4) Importer(815301076,1909f56bfc062723c751e8b465ee728b)  -> (artifact id: '15f634451e9b283071edd28ef160b8bc') in 0.005190 seconds
  Import took 0.007450 seconds .

========================================================================
Received Import Request.
  Time since last request: 0.000180 seconds.
  path: Assets/Textures/janelle-soto-N4MU0pCB_6E-unsplash.jpg
  artifactKey: Guid(242882c10eafc4c4da783dc214a7b701) Importer(815301076,1909f56bfc062723c751e8b465ee728b)
Start importing Assets/Textures/janelle-soto-N4MU0pCB_6E-unsplash.jpg using Guid(242882c10eafc4c4da783dc214a7b701) Importer(815301076,1909f56bfc062723c751e8b465ee728b)  -> (artifact id: '2695f9db8f30fd859feb4483187e0bb3') in 0.008972 seconds
  Import took 0.011327 seconds .

========================================================================
Received Import Request.
  Time since last request: 0.000167 seconds.
  path: Assets/Textures/raul-cacho-oses-JDOlrNAcxp0-unsplash.jpg
  artifactKey: Guid(477ff38ee60455c478ce9fce51791d93) Importer(815301076,1909f56bfc062723c751e8b465ee728b)
Start importing Assets/Textures/raul-cacho-oses-JDOlrNAcxp0-unsplash.jpg using Guid(477ff38ee60455c478ce9fce51791d93) Importer(815301076,1909f56bfc062723c751e8b465ee728b)  -> (artifact id: '6836e2640e289c49ca971c35a2286929') in 0.008600 seconds
  Import took 0.010777 seconds .

========================================================================
Received Import Request.
  Time since last request: 0.000178 seconds.
  path: Assets/Textures/rene-padillo-GyUoN-opIMM-unsplash.jpg
  artifactKey: Guid(cf93e404dc0a22f4190e1a38d75e3c67) Importer(815301076,1909f56bfc062723c751e8b465ee728b)
Start importing Assets/Textures/rene-padillo-GyUoN-opIMM-unsplash.jpg using Guid(cf93e404dc0a22f4190e1a38d75e3c67) Importer(815301076,1909f56bfc062723c751e8b465ee728b)  -> (artifact id: 'a1a6c1ba6c89747339f288dc1fd58bf3') in 0.008986 seconds
  Import took 0.011252 seconds .

========================================================================
Received Import Request.
  Time since last request: 0.000178 seconds.
  path: Assets/Textures/janelle-soto-Hq7d3HPrWL8-unsplash.jpg
  artifactKey: Guid(66137249e7111834cb0add0e56ea234f) Importer(815301076,1909f56bfc062723c751e8b465ee728b)
Start importing Assets/Textures/janelle-soto-Hq7d3HPrWL8-unsplash.jpg using Guid(66137249e7111834cb0add0e56ea234f) Importer(815301076,1909f56bfc062723c751e8b465ee728b)  -> (artifact id: '60871b2b6588f62f0000e45b579f93b1') in 0.008774 seconds
  Import took 0.011096 seconds .

========================================================================
Received Import Request.
  Time since last request: 0.000182 seconds.
  path: Assets/Textures/spencer-davis-ONVA6s03hg8-unsplash.jpg
  artifactKey: Guid(7e2399f41a824af49a84a8b4b91a8e06) Importer(815301076,1909f56bfc062723c751e8b465ee728b)
Start importing Assets/Textures/spencer-davis-ONVA6s03hg8-unsplash.jpg using Guid(7e2399f41a824af49a84a8b4b91a8e06) Importer(815301076,1909f56bfc062723c751e8b465ee728b)  -> (artifact id: '23843455a0eb0ed41abe4895ed7733b9') in 0.008906 seconds
  Import took 0.011179 seconds .

========================================================================
Received Import Request.
  Time since last request: 0.000174 seconds.
  path: Assets/Textures/humphrey-muleba-cPeCmVChZu0-unsplash.jpg
  artifactKey: Guid(453b2aa752cec924a84b3f91bc00d64c) Importer(815301076,1909f56bfc062723c751e8b465ee728b)
Start importing Assets/Textures/humphrey-muleba-cPeCmVChZu0-unsplash.jpg using Guid(453b2aa752cec924a84b3f91bc00d64c) Importer(815301076,1909f56bfc062723c751e8b465ee728b)  -> (artifact id: '3e6288bcc020f8c3d68110143e8f87c5') in 0.008463 seconds
  Import took 0.010943 seconds .

========================================================================
Received Import Request.
  Time since last request: 0.000912 seconds.
  path: Assets/Textures/janelle-soto-Hq7d3HPrWL8-unsplash.jpg
  artifactKey: Guid(66137249e7111834cb0add0e56ea234f) Importer(815301076,1909f56bfc062723c751e8b465ee728b)
Start importing Assets/Textures/janelle-soto-Hq7d3HPrWL8-unsplash.jpg using Guid(66137249e7111834cb0add0e56ea234f) Importer(815301076,1909f56bfc062723c751e8b465ee728b)  -> (artifact id: '60871b2b6588f62f0000e45b579f93b1') in 0.008418 seconds
  Import took 0.010894 seconds .

AssetImportWorkerClient::OnTransportError - code=2 error=End of file
